\\mac\home\desktop\oop16_proj3\debug\virtuallego.pdb
\\mac\home\desktop\oop16_proj3\debug\virtuallego.bsc
\\mac\home\desktop\oop16_proj3\debug\vc143.pdb
\\mac\home\desktop\20194566_oop16_proj3\debug\virtuallego.obj
\\mac\home\desktop\20194566_oop16_proj3\debug\d3dutility.obj
\\mac\home\desktop\20194566_oop16_proj3\debug\소스.obj
\\mac\home\desktop\20194566_oop16_proj3\debug\virtuallego.ilk
\\mac\home\desktop\20194566_oop16_proj3\debug\vc120.idb
\\mac\home\desktop\20194566_oop16_proj3\debug\vc143.idb
\\mac\home\desktop\20194566_oop16_proj3\debug\vc143.pdb
\\mac\home\desktop\20194566_oop16_proj3\debug\vc120.pdb
\\mac\home\desktop\20194566_oop16_proj3\debug\virtuallego.pdb
\\mac\home\desktop\20194566_oop16_proj3\debug\virtuallego.bsc
\\mac\home\desktop\20194566_oop16_proj3\debug\소스.sbr
\\mac\home\desktop\20194566_oop16_proj3\debug\d3dutility.sbr
\\mac\home\desktop\20194566_oop16_proj3\debug\virtuallego.sbr
\\mac\home\desktop\20194566_oop16_proj3\debug\virtuallego.exe
\\mac\home\desktop\20194566_oop16_proj3\debug\virtuallego.tlog\link.read.1.tlog
\\mac\home\desktop\20194566_oop16_proj3\debug\virtuallego.tlog\link.command.1.tlog
\\mac\home\desktop\20194566_oop16_proj3\debug\virtuallego.tlog\link.write.1.tlog
\\mac\home\desktop\20194566_oop16_proj3\debug\virtuallego.tlog\bscmake.write.1.tlog
\\mac\home\desktop\20194566_oop16_proj3\debug\virtuallego.tlog\bscmake.command.1.tlog
\\mac\home\desktop\20194566_oop16_proj3\debug\virtuallego.tlog\cl.command.1.tlog
\\mac\home\desktop\20194566_oop16_proj3\debug\virtuallego.tlog\bscmake.read.1.tlog
\\mac\home\desktop\20194566_oop16_proj3\debug\virtuallego.tlog\cl.write.1.tlog
